21:35:42.221 [main] INFO  testCases.TC_004a_DataDrivenLogin2 - ****** Starting Data Driven Login Test ************
21:35:43.858 [main] INFO  testCases.TC_004a_DataDrivenLogin2 - ****** Starting Data Driven Login Test ************
21:35:45.455 [main] INFO  testCases.TC_004a_DataDrivenLogin2 - ****** Starting Data Driven Login Test ************
21:35:46.994 [main] INFO  testCases.TC_004a_DataDrivenLogin2 - ****** Starting Data Driven Login Test ************
21:35:49.602 [main] INFO  testCases.TC_004a_DataDrivenLogin2 - ****** Starting Data Driven Login Test ************
21:35:51.226 [main] INFO  testCases.TC_004a_DataDrivenLogin2 - ****** Starting Data Driven Login Test ************
21:35:52.690 [main] INFO  testCases.TC_004a_DataDrivenLogin2 - ****** Starting Data Driven Login Test ************
22:33:21.304 [main] INFO  testCases.TC_001_CheckRegistration - ***** Starting TC_001_CheckRegistration ******** 
22:33:22.818 [main] INFO  testCases.TC_001_CheckRegistration - Test Execution complete
22:34:11.881 [main] INFO  testCases.TC_001_CheckRegistration - ***** Starting TC_001_CheckRegistration ******** 
22:34:13.448 [main] INFO  testCases.TC_001_CheckRegistration - Test Execution complete
22:36:46.323 [main] INFO  testCases.TC_001_CheckRegistration - ***** Starting TC_001_CheckRegistration ******** 
22:36:47.875 [main] INFO  testCases.TC_001_CheckRegistration - Test Execution complete
22:40:22.631 [main] INFO  testCases.TC_001_CheckRegistration - ***** Starting TC_001_CheckRegistration ******** 
22:40:24.163 [main] INFO  testCases.TC_001_CheckRegistration - Test Execution complete
22:50:39.842 [main] INFO  testCases.TC_001_CheckRegistration - ***** Starting TC_001_CheckRegistration ******** 
22:51:30.457 [main] INFO  testCases.TC_001_CheckRegistration - ***** Starting TC_001_CheckRegistration ******** 
22:51:58.952 [main] INFO  testCases.TC_001_CheckRegistration - ***** Starting TC_001_CheckRegistration ******** 
22:52:00.459 [main] INFO  testCases.TC_001_CheckRegistration - Test Execution complete
10:52:34.064 [main] INFO  testCases.TC_001_CheckRegistration - ***** Starting TC_001_CheckRegistration ******** 
10:52:35.594 [main] INFO  testCases.TC_001_CheckRegistration - Test Execution complete
10:54:25.810 [main] INFO  testCases.TC_001_CheckRegistration - ***** Starting TC_001_CheckRegistration ******** 
10:54:27.320 [main] INFO  testCases.TC_001_CheckRegistration - Test Execution complete
10:54:44.406 [main] INFO  testCases.TC_004a_DataDrivenLogin2 - ****** Starting Data Driven Login Test ************
10:54:47.362 [main] INFO  testCases.TC_004a_DataDrivenLogin2 - ****** Starting Data Driven Login Test ************
10:54:49.225 [main] INFO  testCases.TC_004a_DataDrivenLogin2 - ****** Starting Data Driven Login Test ************
10:54:51.111 [main] INFO  testCases.TC_004a_DataDrivenLogin2 - ****** Starting Data Driven Login Test ************
10:54:52.823 [main] INFO  testCases.TC_004a_DataDrivenLogin2 - ****** Starting Data Driven Login Test ************
10:54:55.894 [main] INFO  testCases.TC_004a_DataDrivenLogin2 - ****** Starting Data Driven Login Test ************
10:54:58.204 [main] INFO  testCases.TC_004a_DataDrivenLogin2 - ****** Starting Data Driven Login Test ************
10:54:59.924 [main] INFO  testCases.TC_004a_DataDrivenLogin2 - ****** Starting Data Driven Login Test ************
11:21:57.651 [main] INFO  testCases.TC_001_CheckRegistration - ***** Starting TC_001_CheckRegistration ******** 
11:21:59.201 [main] INFO  testCases.TC_001_CheckRegistration - Test Execution complete
11:22:22.253 [main] INFO  testCases.TC_004a_DataDrivenLogin2 - ****** Starting Data Driven Login Test ************
11:22:24.863 [main] INFO  testCases.TC_004a_DataDrivenLogin2 - ****** Starting Data Driven Login Test ************
11:22:26.724 [main] INFO  testCases.TC_004a_DataDrivenLogin2 - ****** Starting Data Driven Login Test ************
11:22:28.523 [main] INFO  testCases.TC_004a_DataDrivenLogin2 - ****** Starting Data Driven Login Test ************
11:22:30.262 [main] INFO  testCases.TC_004a_DataDrivenLogin2 - ****** Starting Data Driven Login Test ************
11:22:33.235 [main] INFO  testCases.TC_004a_DataDrivenLogin2 - ****** Starting Data Driven Login Test ************
11:22:35.960 [main] INFO  testCases.TC_004a_DataDrivenLogin2 - ****** Starting Data Driven Login Test ************
11:22:37.577 [main] INFO  testCases.TC_004a_DataDrivenLogin2 - ****** Starting Data Driven Login Test ************
11:34:19.956 [main] INFO  testCases.TC_001_CheckRegistration - ***** Starting TC_001_CheckRegistration ******** 
11:34:21.494 [main] INFO  testCases.TC_001_CheckRegistration - Test Execution complete
11:34:39.632 [main] INFO  testCases.TC_004a_DataDrivenLogin2 - ****** Starting Data Driven Login Test ************
11:34:41.928 [main] INFO  testCases.TC_004a_DataDrivenLogin2 - ****** Starting Data Driven Login Test ************
11:34:43.830 [main] INFO  testCases.TC_004a_DataDrivenLogin2 - ****** Starting Data Driven Login Test ************
11:34:45.687 [main] INFO  testCases.TC_004a_DataDrivenLogin2 - ****** Starting Data Driven Login Test ************
11:34:47.441 [main] INFO  testCases.TC_004a_DataDrivenLogin2 - ****** Starting Data Driven Login Test ************
11:34:50.602 [main] INFO  testCases.TC_004a_DataDrivenLogin2 - ****** Starting Data Driven Login Test ************
11:34:52.933 [main] INFO  testCases.TC_004a_DataDrivenLogin2 - ****** Starting Data Driven Login Test ************
11:34:54.658 [main] INFO  testCases.TC_004a_DataDrivenLogin2 - ****** Starting Data Driven Login Test ************
13:50:47.828 [main] INFO  testCases.TC_001_CheckRegistration - ***** Starting TC_001_CheckRegistration ******** 
13:50:49.219 [main] INFO  testCases.TC_001_CheckRegistration - Test Execution complete
13:51:06.960 [main] INFO  testCases.TC_004a_DataDrivenLogin2 - ****** Starting Data Driven Login Test ************
13:51:09.114 [main] INFO  testCases.TC_004a_DataDrivenLogin2 - ****** Starting Data Driven Login Test ************
13:51:10.704 [main] INFO  testCases.TC_004a_DataDrivenLogin2 - ****** Starting Data Driven Login Test ************
13:51:12.222 [main] INFO  testCases.TC_004a_DataDrivenLogin2 - ****** Starting Data Driven Login Test ************
13:51:13.239 [main] INFO  testCases.TC_004a_DataDrivenLogin2 - ****** Starting Data Driven Login Test ************
13:51:15.826 [main] INFO  testCases.TC_004a_DataDrivenLogin2 - ****** Starting Data Driven Login Test ************
13:51:17.388 [main] INFO  testCases.TC_004a_DataDrivenLogin2 - ****** Starting Data Driven Login Test ************
13:51:18.360 [main] INFO  testCases.TC_004a_DataDrivenLogin2 - ****** Starting Data Driven Login Test ************
11:26:50.656 [main] INFO  testCases.TC_004a_DataDrivenLogin2 - ****** Starting Data Driven Login Test ************
11:26:52.747 [main] INFO  testCases.TC_004a_DataDrivenLogin2 - ****** Starting Data Driven Login Test ************
11:26:54.063 [main] INFO  testCases.TC_004a_DataDrivenLogin2 - ****** Starting Data Driven Login Test ************
11:26:55.396 [main] INFO  testCases.TC_004a_DataDrivenLogin2 - ****** Starting Data Driven Login Test ************
11:26:56.405 [main] INFO  testCases.TC_004a_DataDrivenLogin2 - ****** Starting Data Driven Login Test ************
11:26:58.763 [main] INFO  testCases.TC_004a_DataDrivenLogin2 - ****** Starting Data Driven Login Test ************
11:27:00.924 [main] INFO  testCases.TC_004a_DataDrivenLogin2 - ****** Starting Data Driven Login Test ************
11:27:01.879 [main] INFO  testCases.TC_004a_DataDrivenLogin2 - ****** Starting Data Driven Login Test ************
19:24:18.215 [main] INFO  testCases.TC_004a_DataDrivenLogin2 - ****** Starting Data Driven Login Test ************
19:24:21.381 [main] INFO  testCases.TC_004a_DataDrivenLogin2 - ****** Starting Data Driven Login Test ************
19:24:23.559 [main] INFO  testCases.TC_004a_DataDrivenLogin2 - ****** Starting Data Driven Login Test ************
19:24:24.270 [main] INFO  testCases.TC_004a_DataDrivenLogin2 - ****** Starting Data Driven Login Test ************
19:24:25.484 [main] INFO  testCases.TC_004a_DataDrivenLogin2 - ****** Starting Data Driven Login Test ************
19:24:26.625 [main] INFO  testCases.TC_004a_DataDrivenLogin2 - ****** Starting Data Driven Login Test ************
19:24:27.777 [main] INFO  testCases.TC_004a_DataDrivenLogin2 - ****** Starting Data Driven Login Test ************
19:24:28.958 [main] INFO  testCases.TC_004a_DataDrivenLogin2 - ****** Starting Data Driven Login Test ************
19:25:17.437 [main] INFO  testCases.TC_004a_DataDrivenLogin2 - ****** Starting Data Driven Login Test ************
19:25:20.170 [main] INFO  testCases.TC_004a_DataDrivenLogin2 - ****** Starting Data Driven Login Test ************
19:25:20.848 [main] INFO  testCases.TC_004a_DataDrivenLogin2 - ****** Starting Data Driven Login Test ************
19:25:22.045 [main] INFO  testCases.TC_004a_DataDrivenLogin2 - ****** Starting Data Driven Login Test ************
19:25:23.261 [main] INFO  testCases.TC_004a_DataDrivenLogin2 - ****** Starting Data Driven Login Test ************
19:25:24.415 [main] INFO  testCases.TC_004a_DataDrivenLogin2 - ****** Starting Data Driven Login Test ************
19:25:25.613 [main] INFO  testCases.TC_004a_DataDrivenLogin2 - ****** Starting Data Driven Login Test ************
19:25:26.840 [main] INFO  testCases.TC_004a_DataDrivenLogin2 - ****** Starting Data Driven Login Test ************
19:26:12.360 [main] INFO  testCases.TC_004a_DataDrivenLogin2 - ****** Starting Data Driven Login Test ************
19:26:15.073 [main] INFO  testCases.TC_004a_DataDrivenLogin2 - ****** Starting Data Driven Login Test ************
19:26:16.935 [main] INFO  testCases.TC_004a_DataDrivenLogin2 - ****** Starting Data Driven Login Test ************
19:26:19.037 [main] INFO  testCases.TC_004a_DataDrivenLogin2 - ****** Starting Data Driven Login Test ************
19:26:20.907 [main] INFO  testCases.TC_004a_DataDrivenLogin2 - ****** Starting Data Driven Login Test ************
19:26:21.756 [main] INFO  testCases.TC_004a_DataDrivenLogin2 - ****** Starting Data Driven Login Test ************
19:26:22.959 [main] INFO  testCases.TC_004a_DataDrivenLogin2 - ****** Starting Data Driven Login Test ************
19:26:24.117 [main] INFO  testCases.TC_004a_DataDrivenLogin2 - ****** Starting Data Driven Login Test ************
19:32:26.203 [main] INFO  testCases.TC_004a_DataDrivenLogin2 - ****** Starting Data Driven Login Test ************
19:32:28.954 [main] INFO  testCases.TC_004a_DataDrivenLogin2 - ****** Starting Data Driven Login Test ************
19:32:29.647 [main] INFO  testCases.TC_004a_DataDrivenLogin2 - ****** Starting Data Driven Login Test ************
19:32:30.859 [main] INFO  testCases.TC_004a_DataDrivenLogin2 - ****** Starting Data Driven Login Test ************
19:32:32.047 [main] INFO  testCases.TC_004a_DataDrivenLogin2 - ****** Starting Data Driven Login Test ************
19:32:33.229 [main] INFO  testCases.TC_004a_DataDrivenLogin2 - ****** Starting Data Driven Login Test ************
19:32:34.388 [main] INFO  testCases.TC_004a_DataDrivenLogin2 - ****** Starting Data Driven Login Test ************
19:32:35.568 [main] INFO  testCases.TC_004a_DataDrivenLogin2 - ****** Starting Data Driven Login Test ************
19:33:40.974 [TestNG-tests-2] INFO  testCases.TC_001_CheckRegistration - ***** Starting TC_001_CheckRegistration ******** 
19:33:41.482 [TestNG-tests-1] INFO  testCases.TC_001_CheckRegistration - ***** Starting TC_001_CheckRegistration ******** 
19:33:42.677 [TestNG-tests-1] ERROR testCases.TC_001_CheckRegistration - Test failed
19:33:42.679 [TestNG-tests-1] INFO  testCases.TC_001_CheckRegistration - Test Execution complete
19:33:42.968 [TestNG-tests-2] ERROR testCases.TC_001_CheckRegistration - Test failed
19:33:42.970 [TestNG-tests-2] INFO  testCases.TC_001_CheckRegistration - Test Execution complete
19:36:41.704 [main] INFO  testCases.TC_001_CheckRegistration - ***** Starting TC_001_CheckRegistration ******** 
19:36:43.249 [main] INFO  testCases.TC_001_CheckRegistration - Test Execution complete
19:38:01.420 [main] INFO  testCases.TC_001_CheckRegistration - ***** Starting TC_001_CheckRegistration ******** 
19:38:03.012 [main] INFO  testCases.TC_001_CheckRegistration - Test Execution complete
05:11:22.399 [main] INFO  testCases.TC_001_CheckRegistration - ***** Starting TC_001_CheckRegistration ******** 
05:11:24.062 [main] INFO  testCases.TC_001_CheckRegistration - Test Execution complete
05:14:25.250 [main] INFO  testCases.TC_001_CheckRegistration - ***** Starting TC_001_CheckRegistration ******** 
05:14:26.884 [main] INFO  testCases.TC_001_CheckRegistration - Test Execution complete
05:15:11.892 [main] INFO  testCases.TC_004a_DataDrivenLogin2 - ****** Starting Data Driven Login Test ************
05:15:14.732 [main] INFO  testCases.TC_004a_DataDrivenLogin2 - ****** Starting Data Driven Login Test ************
05:15:16.724 [main] INFO  testCases.TC_004a_DataDrivenLogin2 - ****** Starting Data Driven Login Test ************
05:15:18.814 [main] INFO  testCases.TC_004a_DataDrivenLogin2 - ****** Starting Data Driven Login Test ************
05:15:20.711 [main] INFO  testCases.TC_004a_DataDrivenLogin2 - ****** Starting Data Driven Login Test ************
05:15:23.880 [main] INFO  testCases.TC_004a_DataDrivenLogin2 - ****** Starting Data Driven Login Test ************
05:15:26.273 [main] INFO  testCases.TC_004a_DataDrivenLogin2 - ****** Starting Data Driven Login Test ************
05:15:28.158 [main] INFO  testCases.TC_004a_DataDrivenLogin2 - ****** Starting Data Driven Login Test ************
05:15:50.187 [main] INFO  testCases.TC_001_CheckRegistration - ***** Starting TC_001_CheckRegistration ******** 
05:15:51.782 [main] INFO  testCases.TC_001_CheckRegistration - Test Execution complete
05:18:39.304 [main] INFO  testCases.TC_001_CheckRegistration - ***** Starting TC_001_CheckRegistration ******** 
05:18:40.944 [main] INFO  testCases.TC_001_CheckRegistration - Test Execution complete
11:58:57.610 [main] INFO  testCases.TC_001_CheckRegistration - ***** Starting TC_001_CheckRegistration ******** 
11:58:59.244 [main] INFO  testCases.TC_001_CheckRegistration - Test Execution complete
11:59:20.231 [main] INFO  testCases.TC_004a_DataDrivenLogin2 - ****** Starting Data Driven Login Test ************
11:59:21.236 [main] INFO  testCases.TC_004a_DataDrivenLogin2 - ****** Starting Data Driven Login Test ************
11:59:22.651 [main] INFO  testCases.TC_004a_DataDrivenLogin2 - ****** Starting Data Driven Login Test ************
11:59:23.972 [main] INFO  testCases.TC_004a_DataDrivenLogin2 - ****** Starting Data Driven Login Test ************
11:59:25.379 [main] INFO  testCases.TC_004a_DataDrivenLogin2 - ****** Starting Data Driven Login Test ************
11:59:26.820 [main] INFO  testCases.TC_004a_DataDrivenLogin2 - ****** Starting Data Driven Login Test ************
11:59:28.255 [main] INFO  testCases.TC_004a_DataDrivenLogin2 - ****** Starting Data Driven Login Test ************
11:59:29.687 [main] INFO  testCases.TC_004a_DataDrivenLogin2 - ****** Starting Data Driven Login Test ************
12:01:27.286 [main] INFO  testCases.TC_001_CheckRegistration - ***** Starting TC_001_CheckRegistration ******** 
12:01:28.849 [main] INFO  testCases.TC_001_CheckRegistration - Test Execution complete
12:01:56.172 [main] INFO  testCases.TC_004a_DataDrivenLogin2 - ****** Starting Data Driven Login Test ************
12:01:57.130 [main] INFO  testCases.TC_004a_DataDrivenLogin2 - ****** Starting Data Driven Login Test ************
12:01:58.465 [main] INFO  testCases.TC_004a_DataDrivenLogin2 - ****** Starting Data Driven Login Test ************
12:01:59.807 [main] INFO  testCases.TC_004a_DataDrivenLogin2 - ****** Starting Data Driven Login Test ************
12:02:01.220 [main] INFO  testCases.TC_004a_DataDrivenLogin2 - ****** Starting Data Driven Login Test ************
12:02:02.552 [main] INFO  testCases.TC_004a_DataDrivenLogin2 - ****** Starting Data Driven Login Test ************
12:02:03.919 [main] INFO  testCases.TC_004a_DataDrivenLogin2 - ****** Starting Data Driven Login Test ************
12:02:05.457 [main] INFO  testCases.TC_004a_DataDrivenLogin2 - ****** Starting Data Driven Login Test ************
12:05:40.010 [main] INFO  testCases.TC_001_CheckRegistration - ***** Starting TC_001_CheckRegistration ******** 
12:05:41.579 [main] INFO  testCases.TC_001_CheckRegistration - Test Execution complete
12:06:21.092 [main] INFO  testCases.TC_004a_DataDrivenLogin2 - ****** Starting Data Driven Login Test ************
12:06:24.013 [main] INFO  testCases.TC_004a_DataDrivenLogin2 - ****** Starting Data Driven Login Test ************
12:06:26.087 [main] INFO  testCases.TC_004a_DataDrivenLogin2 - ****** Starting Data Driven Login Test ************
12:06:28.034 [main] INFO  testCases.TC_004a_DataDrivenLogin2 - ****** Starting Data Driven Login Test ************
12:06:29.882 [main] INFO  testCases.TC_004a_DataDrivenLogin2 - ****** Starting Data Driven Login Test ************
12:06:32.874 [main] INFO  testCases.TC_004a_DataDrivenLogin2 - ****** Starting Data Driven Login Test ************
12:06:35.101 [main] INFO  testCases.TC_004a_DataDrivenLogin2 - ****** Starting Data Driven Login Test ************
12:06:36.897 [main] INFO  testCases.TC_004a_DataDrivenLogin2 - ****** Starting Data Driven Login Test ************
12:07:03.391 [main] INFO  testCases.TC_001_CheckRegistration - ***** Starting TC_001_CheckRegistration ******** 
12:07:05.021 [main] INFO  testCases.TC_001_CheckRegistration - Test Execution complete
12:07:23.418 [main] INFO  testCases.TC_004a_DataDrivenLogin2 - ****** Starting Data Driven Login Test ************
12:07:24.415 [main] INFO  testCases.TC_004a_DataDrivenLogin2 - ****** Starting Data Driven Login Test ************
12:07:25.805 [main] INFO  testCases.TC_004a_DataDrivenLogin2 - ****** Starting Data Driven Login Test ************
12:07:27.155 [main] INFO  testCases.TC_004a_DataDrivenLogin2 - ****** Starting Data Driven Login Test ************
12:07:28.513 [main] INFO  testCases.TC_004a_DataDrivenLogin2 - ****** Starting Data Driven Login Test ************
12:07:29.956 [main] INFO  testCases.TC_004a_DataDrivenLogin2 - ****** Starting Data Driven Login Test ************
12:07:31.348 [main] INFO  testCases.TC_004a_DataDrivenLogin2 - ****** Starting Data Driven Login Test ************
12:07:32.748 [main] INFO  testCases.TC_004a_DataDrivenLogin2 - ****** Starting Data Driven Login Test ************
12:09:10.005 [main] INFO  testCases.TC_001_CheckRegistration - ***** Starting TC_001_CheckRegistration ******** 
12:09:11.605 [main] INFO  testCases.TC_001_CheckRegistration - Test Execution complete
12:09:29.227 [main] INFO  testCases.TC_004a_DataDrivenLogin2 - ****** Starting Data Driven Login Test ************
12:09:30.240 [main] INFO  testCases.TC_004a_DataDrivenLogin2 - ****** Starting Data Driven Login Test ************
12:09:31.577 [main] INFO  testCases.TC_004a_DataDrivenLogin2 - ****** Starting Data Driven Login Test ************
12:09:32.919 [main] INFO  testCases.TC_004a_DataDrivenLogin2 - ****** Starting Data Driven Login Test ************
12:09:34.303 [main] INFO  testCases.TC_004a_DataDrivenLogin2 - ****** Starting Data Driven Login Test ************
12:09:35.687 [main] INFO  testCases.TC_004a_DataDrivenLogin2 - ****** Starting Data Driven Login Test ************
12:09:37.120 [main] INFO  testCases.TC_004a_DataDrivenLogin2 - ****** Starting Data Driven Login Test ************
12:09:38.520 [main] INFO  testCases.TC_004a_DataDrivenLogin2 - ****** Starting Data Driven Login Test ************
12:13:32.759 [main] INFO  testCases.TC_004a_DataDrivenLogin2 - ****** Starting Data Driven Login Test ************
12:13:35.786 [main] INFO  testCases.TC_004a_DataDrivenLogin2 - ****** Starting Data Driven Login Test ************
12:13:37.644 [main] INFO  testCases.TC_004a_DataDrivenLogin2 - ****** Starting Data Driven Login Test ************
12:13:39.798 [main] INFO  testCases.TC_004a_DataDrivenLogin2 - ****** Starting Data Driven Login Test ************
12:13:41.765 [main] INFO  testCases.TC_004a_DataDrivenLogin2 - ****** Starting Data Driven Login Test ************
12:13:45.415 [main] INFO  testCases.TC_004a_DataDrivenLogin2 - ****** Starting Data Driven Login Test ************
12:13:47.430 [main] INFO  testCases.TC_004a_DataDrivenLogin2 - ****** Starting Data Driven Login Test ************
12:13:48.814 [main] INFO  testCases.TC_004a_DataDrivenLogin2 - ****** Starting Data Driven Login Test ************
12:14:46.564 [main] INFO  testCases.TC_001_CheckRegistration - ***** Starting TC_001_CheckRegistration ******** 
12:14:48.334 [main] INFO  testCases.TC_001_CheckRegistration - Test Execution complete
12:16:00.659 [main] INFO  testCases.TC_001_CheckRegistration - ***** Starting TC_001_CheckRegistration ******** 
12:16:02.430 [main] INFO  testCases.TC_001_CheckRegistration - Test Execution complete
12:16:52.117 [main] INFO  testCases.TC_001_CheckRegistration - ***** Starting TC_001_CheckRegistration ******** 
12:16:53.773 [main] INFO  testCases.TC_001_CheckRegistration - Test Execution complete
12:18:35.711 [main] INFO  testCases.TC_001_CheckRegistration - ***** Starting TC_001_CheckRegistration ******** 
12:18:37.414 [main] INFO  testCases.TC_001_CheckRegistration - Test Execution complete
